  main.cpp
  P1.cpp
  P10.cpp
  P11.cpp
  P12.cpp
  P12_2.cpp
  p13.cpp
  P14.cpp
  P15.cpp
  P15_2.cpp
c:\users\lenovo\desktop\pat\pat\pat\p15_2.cpp : warning C4819: 该文件包含不能在当前代码页(936)中表示的字符。请将该文件保存为 Unicode 格式以防止数据丢失
  P16.cpp
  P17.cpp
  P18.cpp
  P19.cpp
  P2.cpp
c:\users\lenovo\desktop\pat\pat\pat\p2.cpp : warning C4819: 该文件包含不能在当前代码页(936)中表示的字符。请将该文件保存为 Unicode 格式以防止数据丢失
  P20.cpp
  P21.cpp
  P22.cpp
  p22_2.cpp
  P23.cpp
c:\users\lenovo\desktop\pat\pat\pat\p23.cpp : warning C4819: 该文件包含不能在当前代码页(936)中表示的字符。请将该文件保存为 Unicode 格式以防止数据丢失
  正在生成代码...
  正在编译...
  P24.cpp
  P25.cpp
c:\users\lenovo\desktop\pat\pat\pat\p25.cpp : warning C4819: 该文件包含不能在当前代码页(936)中表示的字符。请将该文件保存为 Unicode 格式以防止数据丢失
  P25_2.cpp
  P26.cpp
  P27.cpp
  P28.cpp
  P29.cpp
  P3.cpp
c:\users\lenovo\desktop\pat\pat\pat\p3.cpp : warning C4819: 该文件包含不能在当前代码页(936)中表示的字符。请将该文件保存为 Unicode 格式以防止数据丢失
  P30.cpp
c:\users\lenovo\desktop\pat\pat\pat\p30.cpp : warning C4819: 该文件包含不能在当前代码页(936)中表示的字符。请将该文件保存为 Unicode 格式以防止数据丢失
  P31.cpp
  P32.cpp
c:\users\lenovo\desktop\pat\pat\pat\p32.cpp : warning C4819: 该文件包含不能在当前代码页(936)中表示的字符。请将该文件保存为 Unicode 格式以防止数据丢失
  P33.cpp
  p34.cpp
  P35.cpp
  P36.cpp
  P4.cpp
  P5.cpp
c:\users\lenovo\desktop\pat\pat\pat\p5.cpp : warning C4819: 该文件包含不能在当前代码页(936)中表示的字符。请将该文件保存为 Unicode 格式以防止数据丢失
  P6.cpp
  P7.cpp
c:\users\lenovo\desktop\pat\pat\pat\p7.cpp : warning C4819: 该文件包含不能在当前代码页(936)中表示的字符。请将该文件保存为 Unicode 格式以防止数据丢失
  P8.cpp
  正在生成代码...
  正在编译...
  P9.cpp
  正在生成代码...
  PAT.vcxproj -> C:\Users\lenovo\Desktop\pat\PAT\Debug\PAT.exe
