c:\users\lenovo\desktop\pat\pat\pat\debug\vc141.pdb
c:\users\lenovo\desktop\pat\pat\pat\debug\vc141.idb
c:\users\lenovo\desktop\pat\pat\pat\debug\p9.obj
c:\users\lenovo\desktop\pat\pat\pat\debug\p8.obj
c:\users\lenovo\desktop\pat\pat\pat\debug\p7.obj
c:\users\lenovo\desktop\pat\pat\pat\debug\p6.obj
c:\users\lenovo\desktop\pat\pat\pat\debug\p5.obj
c:\users\lenovo\desktop\pat\pat\pat\debug\p4.obj
c:\users\lenovo\desktop\pat\pat\pat\debug\p3.obj
c:\users\lenovo\desktop\pat\pat\pat\debug\p2.obj
c:\users\lenovo\desktop\pat\pat\pat\debug\p15.obj
c:\users\lenovo\desktop\pat\pat\pat\debug\p14.obj
c:\users\lenovo\desktop\pat\pat\pat\debug\p13.obj
c:\users\lenovo\desktop\pat\pat\pat\debug\p12_2.obj
c:\users\lenovo\desktop\pat\pat\pat\debug\p11.obj
c:\users\lenovo\desktop\pat\pat\pat\debug\p10.obj
c:\users\lenovo\desktop\pat\pat\pat\debug\p1.obj
c:\users\lenovo\desktop\pat\pat\pat\debug\p15_2.obj
c:\users\lenovo\desktop\pat\pat\pat\debug\p16.obj
c:\users\lenovo\desktop\pat\pat\pat\debug\p12.obj
c:\users\lenovo\desktop\pat\pat\pat\debug\p17.obj
c:\users\lenovo\desktop\pat\pat\pat\debug\p18.obj
c:\users\lenovo\desktop\pat\pat\pat\debug\p19.obj
c:\users\lenovo\desktop\pat\pat\debug\pat.exe
c:\users\lenovo\desktop\pat\pat\debug\pat.ilk
c:\users\lenovo\desktop\pat\pat\debug\pat.pdb
c:\users\lenovo\desktop\pat\pat\pat\debug\pat.tlog\cl.command.1.tlog
c:\users\lenovo\desktop\pat\pat\pat\debug\pat.tlog\cl.read.1.tlog
c:\users\lenovo\desktop\pat\pat\pat\debug\pat.tlog\cl.write.1.tlog
c:\users\lenovo\desktop\pat\pat\pat\debug\pat.tlog\link.command.1.tlog
c:\users\lenovo\desktop\pat\pat\pat\debug\pat.tlog\link.read.1.tlog
c:\users\lenovo\desktop\pat\pat\pat\debug\pat.tlog\link.write.1.tlog
